2020/11/24 18:01:04 [error] [exception.CDbException] SQLSTATE[HY000] [1045] Access denied for user 'root'@'localhost' (using password: NO)
2020/11/24 18:01:04 [error] [exception.CDbException] CDbException: CDbConnection failed to open the DB connection. in D:\OpenServer\domains\MaxiShop-test\protected\framework\db\CDbConnection.php:405
Stack trace:
#0 D:\OpenServer\domains\MaxiShop-test\protected\framework\db\CDbConnection.php(347): CDbConnection->open()
#1 D:\OpenServer\domains\MaxiShop-test\protected\framework\db\CDbConnection.php(325): CDbConnection->setActive(true)
#2 D:\OpenServer\domains\MaxiShop-test\protected\framework\base\CModule.php(394): CDbConnection->init()
#3 D:\OpenServer\domains\MaxiShop-test\protected\framework\base\CApplication.php(459): CModule->getComponent('db')
#4 D:\OpenServer\domains\MaxiShop-test\protected\framework\db\ar\CActiveRecord.php(637): CApplication->getDb()
#5 D:\OpenServer\domains\MaxiShop-test\protected\framework\db\ar\CActiveRecord.php(670): CActiveRecord->getDbConnection()
#6 D:\OpenServer\domains\MaxiShop-test\protected\framework\db\ar\CActiveRecord.php(1601): CActiveRecord->getCommandBuilder()
#7 D:\OpenServer\domains\MaxiShop-test\protected\framework\web\CActiveDataProvider.php(228): CActiveRecord->count(Object(CDbCriteria))
#8 D:\OpenServer\domains\MaxiShop-test\protected\framework\web\CDataProvider.php(224): CActiveDataProvider->calculateTotalItemCount()
#9 D:\OpenServer\domains\MaxiShop-test\protected\framework\web\CActiveDataProvider.php(178): CDataProvider->getTotalItemCount()
#10 D:\OpenServer\domains\MaxiShop-test\protected\framework\web\CDataProvider.php(168): CActiveDataProvider->fetchData()
#11 D:\OpenServer\domains\MaxiShop-test\protected\framework\zii\widgets\CBaseListView.php(125): CDataProvider->getData()
#12 D:\OpenServer\domains\MaxiShop-test\protected\framework\zii\widgets\CListView.php(211): CBaseListView->init()
#13 D:\OpenServer\domains\MaxiShop-test\protected\framework\web\CBaseController.php(147): CListView->init()
#14 D:\OpenServer\domains\MaxiShop-test\protected\framework\web\CBaseController.php(180): CBaseController->createWidget('zii.widgets.CLi...', Array)
#15 D:\OpenServer\domains\MaxiShop-test\protected\views\product\index.php(12): CBaseController->widget('zii.widgets.CLi...', Array)
#16 D:\OpenServer\domains\MaxiShop-test\protected\framework\web\CBaseController.php(126): require('D:\\OpenServer\\d...')
#17 D:\OpenServer\domains\MaxiShop-test\protected\framework\web\CBaseController.php(95): CBaseController->renderInternal('D:\\OpenServer\\d...', Array, true)
#18 D:\OpenServer\domains\MaxiShop-test\protected\framework\web\CController.php(869): CBaseController->renderFile('D:\\OpenServer\\d...', Array, true)
#19 D:\OpenServer\domains\MaxiShop-test\protected\framework\web\CController.php(782): CController->renderPartial('index', Array, true)
#20 D:\OpenServer\domains\MaxiShop-test\protected\controllers\ProductController.php(144): CController->render('index', Array)
#21 D:\OpenServer\domains\MaxiShop-test\protected\framework\web\actions\CInlineAction.php(49): ProductController->actionIndex()
#22 D:\OpenServer\domains\MaxiShop-test\protected\framework\web\CController.php(308): CInlineAction->runWithParams(Array)
#23 D:\OpenServer\domains\MaxiShop-test\protected\framework\web\filters\CFilterChain.php(133): CController->runAction(Object(CInlineAction))
#24 D:\OpenServer\domains\MaxiShop-test\protected\framework\web\filters\CFilter.php(40): CFilterChain->run()
#25 D:\OpenServer\domains\MaxiShop-test\protected\framework\web\CController.php(1145): CFilter->filter(Object(CFilterChain))
#26 D:\OpenServer\domains\MaxiShop-test\protected\framework\web\filters\CInlineFilter.php(58): CController->filterAccessControl(Object(CFilterChain))
#27 D:\OpenServer\domains\MaxiShop-test\protected\framework\web\filters\CFilterChain.php(130): CInlineFilter->filter(Object(CFilterChain))
#28 D:\OpenServer\domains\MaxiShop-test\protected\framework\web\CController.php(291): CFilterChain->run()
#29 D:\OpenServer\domains\MaxiShop-test\protected\framework\web\CController.php(265): CController->runActionWithFilters(Object(CInlineAction), Array)
#30 D:\OpenServer\domains\MaxiShop-test\protected\framework\web\CWebApplication.php(282): CController->run('')
#31 D:\OpenServer\domains\MaxiShop-test\protected\framework\web\CWebApplication.php(141): CWebApplication->runController('')
#32 D:\OpenServer\domains\MaxiShop-test\protected\framework\base\CApplication.php(185): CWebApplication->processRequest()
#33 D:\OpenServer\domains\MaxiShop-test\index.php(7): CApplication->run()
#34 {main}
REQUEST_URI=/
---
2020/11/24 18:01:19 [error] [exception.CDbException] SQLSTATE[HY000] [1045] Access denied for user 'root'@'localhost' (using password: NO)
2020/11/24 18:01:19 [error] [exception.CDbException] CDbException: CDbConnection failed to open the DB connection. in D:\OpenServer\domains\MaxiShop-test\protected\framework\db\CDbConnection.php:405
Stack trace:
#0 D:\OpenServer\domains\MaxiShop-test\protected\framework\db\CDbConnection.php(347): CDbConnection->open()
#1 D:\OpenServer\domains\MaxiShop-test\protected\framework\db\CDbConnection.php(325): CDbConnection->setActive(true)
#2 D:\OpenServer\domains\MaxiShop-test\protected\framework\base\CModule.php(394): CDbConnection->init()
#3 D:\OpenServer\domains\MaxiShop-test\protected\framework\base\CApplication.php(459): CModule->getComponent('db')
#4 D:\OpenServer\domains\MaxiShop-test\protected\framework\db\ar\CActiveRecord.php(637): CApplication->getDb()
#5 D:\OpenServer\domains\MaxiShop-test\protected\framework\db\ar\CActiveRecord.php(670): CActiveRecord->getDbConnection()
#6 D:\OpenServer\domains\MaxiShop-test\protected\framework\db\ar\CActiveRecord.php(1601): CActiveRecord->getCommandBuilder()
#7 D:\OpenServer\domains\MaxiShop-test\protected\framework\web\CActiveDataProvider.php(228): CActiveRecord->count(Object(CDbCriteria))
#8 D:\OpenServer\domains\MaxiShop-test\protected\framework\web\CDataProvider.php(224): CActiveDataProvider->calculateTotalItemCount()
#9 D:\OpenServer\domains\MaxiShop-test\protected\framework\web\CActiveDataProvider.php(178): CDataProvider->getTotalItemCount()
#10 D:\OpenServer\domains\MaxiShop-test\protected\framework\web\CDataProvider.php(168): CActiveDataProvider->fetchData()
#11 D:\OpenServer\domains\MaxiShop-test\protected\framework\zii\widgets\CBaseListView.php(125): CDataProvider->getData()
#12 D:\OpenServer\domains\MaxiShop-test\protected\framework\zii\widgets\CListView.php(211): CBaseListView->init()
#13 D:\OpenServer\domains\MaxiShop-test\protected\framework\web\CBaseController.php(147): CListView->init()
#14 D:\OpenServer\domains\MaxiShop-test\protected\framework\web\CBaseController.php(180): CBaseController->createWidget('zii.widgets.CLi...', Array)
#15 D:\OpenServer\domains\MaxiShop-test\protected\views\product\index.php(12): CBaseController->widget('zii.widgets.CLi...', Array)
#16 D:\OpenServer\domains\MaxiShop-test\protected\framework\web\CBaseController.php(126): require('D:\\OpenServer\\d...')
#17 D:\OpenServer\domains\MaxiShop-test\protected\framework\web\CBaseController.php(95): CBaseController->renderInternal('D:\\OpenServer\\d...', Array, true)
#18 D:\OpenServer\domains\MaxiShop-test\protected\framework\web\CController.php(869): CBaseController->renderFile('D:\\OpenServer\\d...', Array, true)
#19 D:\OpenServer\domains\MaxiShop-test\protected\framework\web\CController.php(782): CController->renderPartial('index', Array, true)
#20 D:\OpenServer\domains\MaxiShop-test\protected\controllers\ProductController.php(144): CController->render('index', Array)
#21 D:\OpenServer\domains\MaxiShop-test\protected\framework\web\actions\CInlineAction.php(49): ProductController->actionIndex()
#22 D:\OpenServer\domains\MaxiShop-test\protected\framework\web\CController.php(308): CInlineAction->runWithParams(Array)
#23 D:\OpenServer\domains\MaxiShop-test\protected\framework\web\filters\CFilterChain.php(133): CController->runAction(Object(CInlineAction))
#24 D:\OpenServer\domains\MaxiShop-test\protected\framework\web\filters\CFilter.php(40): CFilterChain->run()
#25 D:\OpenServer\domains\MaxiShop-test\protected\framework\web\CController.php(1145): CFilter->filter(Object(CFilterChain))
#26 D:\OpenServer\domains\MaxiShop-test\protected\framework\web\filters\CInlineFilter.php(58): CController->filterAccessControl(Object(CFilterChain))
#27 D:\OpenServer\domains\MaxiShop-test\protected\framework\web\filters\CFilterChain.php(130): CInlineFilter->filter(Object(CFilterChain))
#28 D:\OpenServer\domains\MaxiShop-test\protected\framework\web\CController.php(291): CFilterChain->run()
#29 D:\OpenServer\domains\MaxiShop-test\protected\framework\web\CController.php(265): CController->runActionWithFilters(Object(CInlineAction), Array)
#30 D:\OpenServer\domains\MaxiShop-test\protected\framework\web\CWebApplication.php(282): CController->run('index')
#31 D:\OpenServer\domains\MaxiShop-test\protected\framework\web\CWebApplication.php(141): CWebApplication->runController('product/index')
#32 D:\OpenServer\domains\MaxiShop-test\protected\framework\base\CApplication.php(185): CWebApplication->processRequest()
#33 D:\OpenServer\domains\MaxiShop-test\index.php(7): CApplication->run()
#34 {main}
REQUEST_URI=/product/index
HTTP_REFERER=http://maxishop-test/site/contacts
---
2020/11/24 18:01:21 [error] [exception.CDbException] SQLSTATE[HY000] [1045] Access denied for user 'root'@'localhost' (using password: NO)
2020/11/24 18:01:21 [error] [exception.CDbException] CDbException: CDbConnection failed to open the DB connection. in D:\OpenServer\domains\MaxiShop-test\protected\framework\db\CDbConnection.php:405
Stack trace:
#0 D:\OpenServer\domains\MaxiShop-test\protected\framework\db\CDbConnection.php(347): CDbConnection->open()
#1 D:\OpenServer\domains\MaxiShop-test\protected\framework\db\CDbConnection.php(325): CDbConnection->setActive(true)
#2 D:\OpenServer\domains\MaxiShop-test\protected\framework\base\CModule.php(394): CDbConnection->init()
#3 D:\OpenServer\domains\MaxiShop-test\protected\framework\base\CApplication.php(459): CModule->getComponent('db')
#4 D:\OpenServer\domains\MaxiShop-test\protected\framework\db\ar\CActiveRecord.php(637): CApplication->getDb()
#5 D:\OpenServer\domains\MaxiShop-test\protected\framework\db\ar\CActiveRecord.php(670): CActiveRecord->getDbConnection()
#6 D:\OpenServer\domains\MaxiShop-test\protected\framework\db\ar\CActiveRecord.php(1601): CActiveRecord->getCommandBuilder()
#7 D:\OpenServer\domains\MaxiShop-test\protected\framework\web\CActiveDataProvider.php(228): CActiveRecord->count(Object(CDbCriteria))
#8 D:\OpenServer\domains\MaxiShop-test\protected\framework\web\CDataProvider.php(224): CActiveDataProvider->calculateTotalItemCount()
#9 D:\OpenServer\domains\MaxiShop-test\protected\framework\web\CActiveDataProvider.php(178): CDataProvider->getTotalItemCount()
#10 D:\OpenServer\domains\MaxiShop-test\protected\framework\web\CDataProvider.php(168): CActiveDataProvider->fetchData()
#11 D:\OpenServer\domains\MaxiShop-test\protected\framework\zii\widgets\CBaseListView.php(125): CDataProvider->getData()
#12 D:\OpenServer\domains\MaxiShop-test\protected\framework\zii\widgets\CListView.php(211): CBaseListView->init()
#13 D:\OpenServer\domains\MaxiShop-test\protected\framework\web\CBaseController.php(147): CListView->init()
#14 D:\OpenServer\domains\MaxiShop-test\protected\framework\web\CBaseController.php(180): CBaseController->createWidget('zii.widgets.CLi...', Array)
#15 D:\OpenServer\domains\MaxiShop-test\protected\views\product\index.php(12): CBaseController->widget('zii.widgets.CLi...', Array)
#16 D:\OpenServer\domains\MaxiShop-test\protected\framework\web\CBaseController.php(126): require('D:\\OpenServer\\d...')
#17 D:\OpenServer\domains\MaxiShop-test\protected\framework\web\CBaseController.php(95): CBaseController->renderInternal('D:\\OpenServer\\d...', Array, true)
#18 D:\OpenServer\domains\MaxiShop-test\protected\framework\web\CController.php(869): CBaseController->renderFile('D:\\OpenServer\\d...', Array, true)
#19 D:\OpenServer\domains\MaxiShop-test\protected\framework\web\CController.php(782): CController->renderPartial('index', Array, true)
#20 D:\OpenServer\domains\MaxiShop-test\protected\controllers\ProductController.php(144): CController->render('index', Array)
#21 D:\OpenServer\domains\MaxiShop-test\protected\framework\web\actions\CInlineAction.php(49): ProductController->actionIndex()
#22 D:\OpenServer\domains\MaxiShop-test\protected\framework\web\CController.php(308): CInlineAction->runWithParams(Array)
#23 D:\OpenServer\domains\MaxiShop-test\protected\framework\web\filters\CFilterChain.php(133): CController->runAction(Object(CInlineAction))
#24 D:\OpenServer\domains\MaxiShop-test\protected\framework\web\filters\CFilter.php(40): CFilterChain->run()
#25 D:\OpenServer\domains\MaxiShop-test\protected\framework\web\CController.php(1145): CFilter->filter(Object(CFilterChain))
#26 D:\OpenServer\domains\MaxiShop-test\protected\framework\web\filters\CInlineFilter.php(58): CController->filterAccessControl(Object(CFilterChain))
#27 D:\OpenServer\domains\MaxiShop-test\protected\framework\web\filters\CFilterChain.php(130): CInlineFilter->filter(Object(CFilterChain))
#28 D:\OpenServer\domains\MaxiShop-test\protected\framework\web\CController.php(291): CFilterChain->run()
#29 D:\OpenServer\domains\MaxiShop-test\protected\framework\web\CController.php(265): CController->runActionWithFilters(Object(CInlineAction), Array)
#30 D:\OpenServer\domains\MaxiShop-test\protected\framework\web\CWebApplication.php(282): CController->run('index')
#31 D:\OpenServer\domains\MaxiShop-test\protected\framework\web\CWebApplication.php(141): CWebApplication->runController('product/index')
#32 D:\OpenServer\domains\MaxiShop-test\protected\framework\base\CApplication.php(185): CWebApplication->processRequest()
#33 D:\OpenServer\domains\MaxiShop-test\index.php(7): CApplication->run()
#34 {main}
REQUEST_URI=/product/index
HTTP_REFERER=http://maxishop-test/site/delivery
---
2020/11/24 18:01:27 [error] [exception.CDbException] SQLSTATE[HY000] [1045] Access denied for user 'root'@'localhost' (using password: NO)
2020/11/24 18:01:27 [error] [exception.CDbException] CDbException: CDbConnection failed to open the DB connection. in D:\OpenServer\domains\MaxiShop-test\protected\framework\db\CDbConnection.php:405
Stack trace:
#0 D:\OpenServer\domains\MaxiShop-test\protected\framework\db\CDbConnection.php(347): CDbConnection->open()
#1 D:\OpenServer\domains\MaxiShop-test\protected\framework\db\CDbConnection.php(325): CDbConnection->setActive(true)
#2 D:\OpenServer\domains\MaxiShop-test\protected\framework\base\CModule.php(394): CDbConnection->init()
#3 D:\OpenServer\domains\MaxiShop-test\protected\framework\base\CApplication.php(459): CModule->getComponent('db')
#4 D:\OpenServer\domains\MaxiShop-test\protected\framework\db\ar\CActiveRecord.php(637): CApplication->getDb()
#5 D:\OpenServer\domains\MaxiShop-test\protected\framework\db\ar\CActiveRecord.php(670): CActiveRecord->getDbConnection()
#6 D:\OpenServer\domains\MaxiShop-test\protected\framework\db\ar\CActiveRecord.php(1601): CActiveRecord->getCommandBuilder()
#7 D:\OpenServer\domains\MaxiShop-test\protected\framework\web\CActiveDataProvider.php(228): CActiveRecord->count(Object(CDbCriteria))
#8 D:\OpenServer\domains\MaxiShop-test\protected\framework\web\CDataProvider.php(224): CActiveDataProvider->calculateTotalItemCount()
#9 D:\OpenServer\domains\MaxiShop-test\protected\framework\web\CActiveDataProvider.php(178): CDataProvider->getTotalItemCount()
#10 D:\OpenServer\domains\MaxiShop-test\protected\framework\web\CDataProvider.php(168): CActiveDataProvider->fetchData()
#11 D:\OpenServer\domains\MaxiShop-test\protected\framework\zii\widgets\CBaseListView.php(125): CDataProvider->getData()
#12 D:\OpenServer\domains\MaxiShop-test\protected\framework\zii\widgets\CListView.php(211): CBaseListView->init()
#13 D:\OpenServer\domains\MaxiShop-test\protected\framework\web\CBaseController.php(147): CListView->init()
#14 D:\OpenServer\domains\MaxiShop-test\protected\framework\web\CBaseController.php(180): CBaseController->createWidget('zii.widgets.CLi...', Array)
#15 D:\OpenServer\domains\MaxiShop-test\protected\views\product\index.php(12): CBaseController->widget('zii.widgets.CLi...', Array)
#16 D:\OpenServer\domains\MaxiShop-test\protected\framework\web\CBaseController.php(126): require('D:\\OpenServer\\d...')
#17 D:\OpenServer\domains\MaxiShop-test\protected\framework\web\CBaseController.php(95): CBaseController->renderInternal('D:\\OpenServer\\d...', Array, true)
#18 D:\OpenServer\domains\MaxiShop-test\protected\framework\web\CController.php(869): CBaseController->renderFile('D:\\OpenServer\\d...', Array, true)
#19 D:\OpenServer\domains\MaxiShop-test\protected\framework\web\CController.php(782): CController->renderPartial('index', Array, true)
#20 D:\OpenServer\domains\MaxiShop-test\protected\controllers\ProductController.php(144): CController->render('index', Array)
#21 D:\OpenServer\domains\MaxiShop-test\protected\framework\web\actions\CInlineAction.php(49): ProductController->actionIndex()
#22 D:\OpenServer\domains\MaxiShop-test\protected\framework\web\CController.php(308): CInlineAction->runWithParams(Array)
#23 D:\OpenServer\domains\MaxiShop-test\protected\framework\web\filters\CFilterChain.php(133): CController->runAction(Object(CInlineAction))
#24 D:\OpenServer\domains\MaxiShop-test\protected\framework\web\filters\CFilter.php(40): CFilterChain->run()
#25 D:\OpenServer\domains\MaxiShop-test\protected\framework\web\CController.php(1145): CFilter->filter(Object(CFilterChain))
#26 D:\OpenServer\domains\MaxiShop-test\protected\framework\web\filters\CInlineFilter.php(58): CController->filterAccessControl(Object(CFilterChain))
#27 D:\OpenServer\domains\MaxiShop-test\protected\framework\web\filters\CFilterChain.php(130): CInlineFilter->filter(Object(CFilterChain))
#28 D:\OpenServer\domains\MaxiShop-test\protected\framework\web\CController.php(291): CFilterChain->run()
#29 D:\OpenServer\domains\MaxiShop-test\protected\framework\web\CController.php(265): CController->runActionWithFilters(Object(CInlineAction), Array)
#30 D:\OpenServer\domains\MaxiShop-test\protected\framework\web\CWebApplication.php(282): CController->run('index')
#31 D:\OpenServer\domains\MaxiShop-test\protected\framework\web\CWebApplication.php(141): CWebApplication->runController('product/index')
#32 D:\OpenServer\domains\MaxiShop-test\protected\framework\base\CApplication.php(185): CWebApplication->processRequest()
#33 D:\OpenServer\domains\MaxiShop-test\index.php(7): CApplication->run()
#34 {main}
REQUEST_URI=/product/index
HTTP_REFERER=http://maxishop-test/site/delivery
---
2020/11/24 18:04:10 [error] [exception.CDbException] SQLSTATE[HY000] [1045] Access denied for user 'root'@'localhost' (using password: NO)
2020/11/24 18:04:10 [error] [exception.CDbException] CDbException: CDbConnection failed to open the DB connection. in D:\OpenServer\domains\MaxiShop-test\protected\framework\db\CDbConnection.php:405
Stack trace:
#0 D:\OpenServer\domains\MaxiShop-test\protected\framework\db\CDbConnection.php(347): CDbConnection->open()
#1 D:\OpenServer\domains\MaxiShop-test\protected\framework\db\CDbConnection.php(325): CDbConnection->setActive(true)
#2 D:\OpenServer\domains\MaxiShop-test\protected\framework\base\CModule.php(394): CDbConnection->init()
#3 D:\OpenServer\domains\MaxiShop-test\protected\framework\base\CApplication.php(459): CModule->getComponent('db')
#4 D:\OpenServer\domains\MaxiShop-test\protected\framework\db\ar\CActiveRecord.php(637): CApplication->getDb()
#5 D:\OpenServer\domains\MaxiShop-test\protected\framework\db\ar\CActiveRecord.php(670): CActiveRecord->getDbConnection()
#6 D:\OpenServer\domains\MaxiShop-test\protected\framework\db\ar\CActiveRecord.php(1601): CActiveRecord->getCommandBuilder()
#7 D:\OpenServer\domains\MaxiShop-test\protected\framework\web\CActiveDataProvider.php(228): CActiveRecord->count(Object(CDbCriteria))
#8 D:\OpenServer\domains\MaxiShop-test\protected\framework\web\CDataProvider.php(224): CActiveDataProvider->calculateTotalItemCount()
#9 D:\OpenServer\domains\MaxiShop-test\protected\framework\web\CActiveDataProvider.php(178): CDataProvider->getTotalItemCount()
#10 D:\OpenServer\domains\MaxiShop-test\protected\framework\web\CDataProvider.php(168): CActiveDataProvider->fetchData()
#11 D:\OpenServer\domains\MaxiShop-test\protected\framework\zii\widgets\CBaseListView.php(125): CDataProvider->getData()
#12 D:\OpenServer\domains\MaxiShop-test\protected\framework\zii\widgets\CListView.php(211): CBaseListView->init()
#13 D:\OpenServer\domains\MaxiShop-test\protected\framework\web\CBaseController.php(147): CListView->init()
#14 D:\OpenServer\domains\MaxiShop-test\protected\framework\web\CBaseController.php(180): CBaseController->createWidget('zii.widgets.CLi...', Array)
#15 D:\OpenServer\domains\MaxiShop-test\protected\views\product\index.php(12): CBaseController->widget('zii.widgets.CLi...', Array)
#16 D:\OpenServer\domains\MaxiShop-test\protected\framework\web\CBaseController.php(126): require('D:\\OpenServer\\d...')
#17 D:\OpenServer\domains\MaxiShop-test\protected\framework\web\CBaseController.php(95): CBaseController->renderInternal('D:\\OpenServer\\d...', Array, true)
#18 D:\OpenServer\domains\MaxiShop-test\protected\framework\web\CController.php(869): CBaseController->renderFile('D:\\OpenServer\\d...', Array, true)
#19 D:\OpenServer\domains\MaxiShop-test\protected\framework\web\CController.php(782): CController->renderPartial('index', Array, true)
#20 D:\OpenServer\domains\MaxiShop-test\protected\controllers\ProductController.php(144): CController->render('index', Array)
#21 D:\OpenServer\domains\MaxiShop-test\protected\framework\web\actions\CInlineAction.php(49): ProductController->actionIndex()
#22 D:\OpenServer\domains\MaxiShop-test\protected\framework\web\CController.php(308): CInlineAction->runWithParams(Array)
#23 D:\OpenServer\domains\MaxiShop-test\protected\framework\web\filters\CFilterChain.php(133): CController->runAction(Object(CInlineAction))
#24 D:\OpenServer\domains\MaxiShop-test\protected\framework\web\filters\CFilter.php(40): CFilterChain->run()
#25 D:\OpenServer\domains\MaxiShop-test\protected\framework\web\CController.php(1145): CFilter->filter(Object(CFilterChain))
#26 D:\OpenServer\domains\MaxiShop-test\protected\framework\web\filters\CInlineFilter.php(58): CController->filterAccessControl(Object(CFilterChain))
#27 D:\OpenServer\domains\MaxiShop-test\protected\framework\web\filters\CFilterChain.php(130): CInlineFilter->filter(Object(CFilterChain))
#28 D:\OpenServer\domains\MaxiShop-test\protected\framework\web\CController.php(291): CFilterChain->run()
#29 D:\OpenServer\domains\MaxiShop-test\protected\framework\web\CController.php(265): CController->runActionWithFilters(Object(CInlineAction), Array)
#30 D:\OpenServer\domains\MaxiShop-test\protected\framework\web\CWebApplication.php(282): CController->run('index')
#31 D:\OpenServer\domains\MaxiShop-test\protected\framework\web\CWebApplication.php(141): CWebApplication->runController('product/index')
#32 D:\OpenServer\domains\MaxiShop-test\protected\framework\base\CApplication.php(185): CWebApplication->processRequest()
#33 D:\OpenServer\domains\MaxiShop-test\index.php(7): CApplication->run()
#34 {main}
REQUEST_URI=/product/index
HTTP_REFERER=http://maxishop-test/site/delivery
---
2020/11/24 18:04:13 [error] [exception.CDbException] SQLSTATE[HY000] [1045] Access denied for user 'root'@'localhost' (using password: NO)
2020/11/24 18:04:13 [error] [exception.CDbException] CDbException: CDbConnection failed to open the DB connection. in D:\OpenServer\domains\MaxiShop-test\protected\framework\db\CDbConnection.php:405
Stack trace:
#0 D:\OpenServer\domains\MaxiShop-test\protected\framework\db\CDbConnection.php(347): CDbConnection->open()
#1 D:\OpenServer\domains\MaxiShop-test\protected\framework\db\CDbConnection.php(325): CDbConnection->setActive(true)
#2 D:\OpenServer\domains\MaxiShop-test\protected\framework\base\CModule.php(394): CDbConnection->init()
#3 D:\OpenServer\domains\MaxiShop-test\protected\framework\base\CApplication.php(459): CModule->getComponent('db')
#4 D:\OpenServer\domains\MaxiShop-test\protected\framework\db\ar\CActiveRecord.php(637): CApplication->getDb()
#5 D:\OpenServer\domains\MaxiShop-test\protected\framework\db\ar\CActiveRecord.php(670): CActiveRecord->getDbConnection()
#6 D:\OpenServer\domains\MaxiShop-test\protected\framework\db\ar\CActiveRecord.php(1601): CActiveRecord->getCommandBuilder()
#7 D:\OpenServer\domains\MaxiShop-test\protected\framework\web\CActiveDataProvider.php(228): CActiveRecord->count(Object(CDbCriteria))
#8 D:\OpenServer\domains\MaxiShop-test\protected\framework\web\CDataProvider.php(224): CActiveDataProvider->calculateTotalItemCount()
#9 D:\OpenServer\domains\MaxiShop-test\protected\framework\web\CActiveDataProvider.php(178): CDataProvider->getTotalItemCount()
#10 D:\OpenServer\domains\MaxiShop-test\protected\framework\web\CDataProvider.php(168): CActiveDataProvider->fetchData()
#11 D:\OpenServer\domains\MaxiShop-test\protected\framework\zii\widgets\CBaseListView.php(125): CDataProvider->getData()
#12 D:\OpenServer\domains\MaxiShop-test\protected\framework\zii\widgets\CListView.php(211): CBaseListView->init()
#13 D:\OpenServer\domains\MaxiShop-test\protected\framework\web\CBaseController.php(147): CListView->init()
#14 D:\OpenServer\domains\MaxiShop-test\protected\framework\web\CBaseController.php(180): CBaseController->createWidget('zii.widgets.CLi...', Array)
#15 D:\OpenServer\domains\MaxiShop-test\protected\views\product\index.php(12): CBaseController->widget('zii.widgets.CLi...', Array)
#16 D:\OpenServer\domains\MaxiShop-test\protected\framework\web\CBaseController.php(126): require('D:\\OpenServer\\d...')
#17 D:\OpenServer\domains\MaxiShop-test\protected\framework\web\CBaseController.php(95): CBaseController->renderInternal('D:\\OpenServer\\d...', Array, true)
#18 D:\OpenServer\domains\MaxiShop-test\protected\framework\web\CController.php(869): CBaseController->renderFile('D:\\OpenServer\\d...', Array, true)
#19 D:\OpenServer\domains\MaxiShop-test\protected\framework\web\CController.php(782): CController->renderPartial('index', Array, true)
#20 D:\OpenServer\domains\MaxiShop-test\protected\controllers\ProductController.php(144): CController->render('index', Array)
#21 D:\OpenServer\domains\MaxiShop-test\protected\framework\web\actions\CInlineAction.php(49): ProductController->actionIndex()
#22 D:\OpenServer\domains\MaxiShop-test\protected\framework\web\CController.php(308): CInlineAction->runWithParams(Array)
#23 D:\OpenServer\domains\MaxiShop-test\protected\framework\web\filters\CFilterChain.php(133): CController->runAction(Object(CInlineAction))
#24 D:\OpenServer\domains\MaxiShop-test\protected\framework\web\filters\CFilter.php(40): CFilterChain->run()
#25 D:\OpenServer\domains\MaxiShop-test\protected\framework\web\CController.php(1145): CFilter->filter(Object(CFilterChain))
#26 D:\OpenServer\domains\MaxiShop-test\protected\framework\web\filters\CInlineFilter.php(58): CController->filterAccessControl(Object(CFilterChain))
#27 D:\OpenServer\domains\MaxiShop-test\protected\framework\web\filters\CFilterChain.php(130): CInlineFilter->filter(Object(CFilterChain))
#28 D:\OpenServer\domains\MaxiShop-test\protected\framework\web\CController.php(291): CFilterChain->run()
#29 D:\OpenServer\domains\MaxiShop-test\protected\framework\web\CController.php(265): CController->runActionWithFilters(Object(CInlineAction), Array)
#30 D:\OpenServer\domains\MaxiShop-test\protected\framework\web\CWebApplication.php(282): CController->run('index')
#31 D:\OpenServer\domains\MaxiShop-test\protected\framework\web\CWebApplication.php(141): CWebApplication->runController('product/index')
#32 D:\OpenServer\domains\MaxiShop-test\protected\framework\base\CApplication.php(185): CWebApplication->processRequest()
#33 D:\OpenServer\domains\MaxiShop-test\index.php(7): CApplication->run()
#34 {main}
REQUEST_URI=/product/index
HTTP_REFERER=http://maxishop-test/site/delivery
---
2020/11/24 18:04:42 [error] [exception.CDbException] SQLSTATE[HY000] [1045] Access denied for user 'root'@'localhost' (using password: NO)
2020/11/24 18:04:42 [error] [exception.CDbException] CDbException: CDbConnection failed to open the DB connection. in D:\OpenServer\domains\MaxiShop-test\protected\framework\db\CDbConnection.php:405
Stack trace:
#0 D:\OpenServer\domains\MaxiShop-test\protected\framework\db\CDbConnection.php(347): CDbConnection->open()
#1 D:\OpenServer\domains\MaxiShop-test\protected\framework\db\CDbConnection.php(325): CDbConnection->setActive(true)
#2 D:\OpenServer\domains\MaxiShop-test\protected\framework\base\CModule.php(394): CDbConnection->init()
#3 D:\OpenServer\domains\MaxiShop-test\protected\framework\base\CApplication.php(459): CModule->getComponent('db')
#4 D:\OpenServer\domains\MaxiShop-test\protected\framework\db\ar\CActiveRecord.php(637): CApplication->getDb()
#5 D:\OpenServer\domains\MaxiShop-test\protected\framework\db\ar\CActiveRecord.php(670): CActiveRecord->getDbConnection()
#6 D:\OpenServer\domains\MaxiShop-test\protected\framework\db\ar\CActiveRecord.php(1601): CActiveRecord->getCommandBuilder()
#7 D:\OpenServer\domains\MaxiShop-test\protected\framework\web\CActiveDataProvider.php(228): CActiveRecord->count(Object(CDbCriteria))
#8 D:\OpenServer\domains\MaxiShop-test\protected\framework\web\CDataProvider.php(224): CActiveDataProvider->calculateTotalItemCount()
#9 D:\OpenServer\domains\MaxiShop-test\protected\framework\web\CActiveDataProvider.php(178): CDataProvider->getTotalItemCount()
#10 D:\OpenServer\domains\MaxiShop-test\protected\framework\web\CDataProvider.php(168): CActiveDataProvider->fetchData()
#11 D:\OpenServer\domains\MaxiShop-test\protected\framework\zii\widgets\CBaseListView.php(125): CDataProvider->getData()
#12 D:\OpenServer\domains\MaxiShop-test\protected\framework\zii\widgets\CListView.php(211): CBaseListView->init()
#13 D:\OpenServer\domains\MaxiShop-test\protected\framework\web\CBaseController.php(147): CListView->init()
#14 D:\OpenServer\domains\MaxiShop-test\protected\framework\web\CBaseController.php(180): CBaseController->createWidget('zii.widgets.CLi...', Array)
#15 D:\OpenServer\domains\MaxiShop-test\protected\views\product\index.php(12): CBaseController->widget('zii.widgets.CLi...', Array)
#16 D:\OpenServer\domains\MaxiShop-test\protected\framework\web\CBaseController.php(126): require('D:\\OpenServer\\d...')
#17 D:\OpenServer\domains\MaxiShop-test\protected\framework\web\CBaseController.php(95): CBaseController->renderInternal('D:\\OpenServer\\d...', Array, true)
#18 D:\OpenServer\domains\MaxiShop-test\protected\framework\web\CController.php(869): CBaseController->renderFile('D:\\OpenServer\\d...', Array, true)
#19 D:\OpenServer\domains\MaxiShop-test\protected\framework\web\CController.php(782): CController->renderPartial('index', Array, true)
#20 D:\OpenServer\domains\MaxiShop-test\protected\controllers\ProductController.php(144): CController->render('index', Array)
#21 D:\OpenServer\domains\MaxiShop-test\protected\framework\web\actions\CInlineAction.php(49): ProductController->actionIndex()
#22 D:\OpenServer\domains\MaxiShop-test\protected\framework\web\CController.php(308): CInlineAction->runWithParams(Array)
#23 D:\OpenServer\domains\MaxiShop-test\protected\framework\web\filters\CFilterChain.php(133): CController->runAction(Object(CInlineAction))
#24 D:\OpenServer\domains\MaxiShop-test\protected\framework\web\filters\CFilter.php(40): CFilterChain->run()
#25 D:\OpenServer\domains\MaxiShop-test\protected\framework\web\CController.php(1145): CFilter->filter(Object(CFilterChain))
#26 D:\OpenServer\domains\MaxiShop-test\protected\framework\web\filters\CInlineFilter.php(58): CController->filterAccessControl(Object(CFilterChain))
#27 D:\OpenServer\domains\MaxiShop-test\protected\framework\web\filters\CFilterChain.php(130): CInlineFilter->filter(Object(CFilterChain))
#28 D:\OpenServer\domains\MaxiShop-test\protected\framework\web\CController.php(291): CFilterChain->run()
#29 D:\OpenServer\domains\MaxiShop-test\protected\framework\web\CController.php(265): CController->runActionWithFilters(Object(CInlineAction), Array)
#30 D:\OpenServer\domains\MaxiShop-test\protected\framework\web\CWebApplication.php(282): CController->run('index')
#31 D:\OpenServer\domains\MaxiShop-test\protected\framework\web\CWebApplication.php(141): CWebApplication->runController('product/index')
#32 D:\OpenServer\domains\MaxiShop-test\protected\framework\base\CApplication.php(185): CWebApplication->processRequest()
#33 D:\OpenServer\domains\MaxiShop-test\index.php(7): CApplication->run()
#34 {main}
REQUEST_URI=/product/index
HTTP_REFERER=http://maxishop-test/site/delivery
---
2020/11/24 18:06:35 [error] [exception.CDbException] SQLSTATE[HY000] [1045] Access denied for user 'root'@'localhost' (using password: NO)
2020/11/24 18:06:35 [error] [exception.CDbException] CDbException: CDbConnection failed to open the DB connection. in D:\OpenServer\domains\MaxiShop-test\protected\framework\db\CDbConnection.php:405
Stack trace:
#0 D:\OpenServer\domains\MaxiShop-test\protected\framework\db\CDbConnection.php(347): CDbConnection->open()
#1 D:\OpenServer\domains\MaxiShop-test\protected\framework\db\CDbConnection.php(325): CDbConnection->setActive(true)
#2 D:\OpenServer\domains\MaxiShop-test\protected\framework\base\CModule.php(394): CDbConnection->init()
#3 D:\OpenServer\domains\MaxiShop-test\protected\framework\base\CApplication.php(459): CModule->getComponent('db')
#4 D:\OpenServer\domains\MaxiShop-test\protected\framework\db\ar\CActiveRecord.php(637): CApplication->getDb()
#5 D:\OpenServer\domains\MaxiShop-test\protected\framework\db\ar\CActiveRecord.php(670): CActiveRecord->getDbConnection()
#6 D:\OpenServer\domains\MaxiShop-test\protected\framework\db\ar\CActiveRecord.php(1601): CActiveRecord->getCommandBuilder()
#7 D:\OpenServer\domains\MaxiShop-test\protected\framework\web\CActiveDataProvider.php(228): CActiveRecord->count(Object(CDbCriteria))
#8 D:\OpenServer\domains\MaxiShop-test\protected\framework\web\CDataProvider.php(224): CActiveDataProvider->calculateTotalItemCount()
#9 D:\OpenServer\domains\MaxiShop-test\protected\framework\web\CActiveDataProvider.php(178): CDataProvider->getTotalItemCount()
#10 D:\OpenServer\domains\MaxiShop-test\protected\framework\web\CDataProvider.php(168): CActiveDataProvider->fetchData()
#11 D:\OpenServer\domains\MaxiShop-test\protected\framework\zii\widgets\CBaseListView.php(125): CDataProvider->getData()
#12 D:\OpenServer\domains\MaxiShop-test\protected\framework\zii\widgets\CListView.php(211): CBaseListView->init()
#13 D:\OpenServer\domains\MaxiShop-test\protected\framework\web\CBaseController.php(147): CListView->init()
#14 D:\OpenServer\domains\MaxiShop-test\protected\framework\web\CBaseController.php(180): CBaseController->createWidget('zii.widgets.CLi...', Array)
#15 D:\OpenServer\domains\MaxiShop-test\protected\views\product\index.php(12): CBaseController->widget('zii.widgets.CLi...', Array)
#16 D:\OpenServer\domains\MaxiShop-test\protected\framework\web\CBaseController.php(126): require('D:\\OpenServer\\d...')
#17 D:\OpenServer\domains\MaxiShop-test\protected\framework\web\CBaseController.php(95): CBaseController->renderInternal('D:\\OpenServer\\d...', Array, true)
#18 D:\OpenServer\domains\MaxiShop-test\protected\framework\web\CController.php(869): CBaseController->renderFile('D:\\OpenServer\\d...', Array, true)
#19 D:\OpenServer\domains\MaxiShop-test\protected\framework\web\CController.php(782): CController->renderPartial('index', Array, true)
#20 D:\OpenServer\domains\MaxiShop-test\protected\controllers\ProductController.php(144): CController->render('index', Array)
#21 D:\OpenServer\domains\MaxiShop-test\protected\framework\web\actions\CInlineAction.php(49): ProductController->actionIndex()
#22 D:\OpenServer\domains\MaxiShop-test\protected\framework\web\CController.php(308): CInlineAction->runWithParams(Array)
#23 D:\OpenServer\domains\MaxiShop-test\protected\framework\web\filters\CFilterChain.php(133): CController->runAction(Object(CInlineAction))
#24 D:\OpenServer\domains\MaxiShop-test\protected\framework\web\filters\CFilter.php(40): CFilterChain->run()
#25 D:\OpenServer\domains\MaxiShop-test\protected\framework\web\CController.php(1145): CFilter->filter(Object(CFilterChain))
#26 D:\OpenServer\domains\MaxiShop-test\protected\framework\web\filters\CInlineFilter.php(58): CController->filterAccessControl(Object(CFilterChain))
#27 D:\OpenServer\domains\MaxiShop-test\protected\framework\web\filters\CFilterChain.php(130): CInlineFilter->filter(Object(CFilterChain))
#28 D:\OpenServer\domains\MaxiShop-test\protected\framework\web\CController.php(291): CFilterChain->run()
#29 D:\OpenServer\domains\MaxiShop-test\protected\framework\web\CController.php(265): CController->runActionWithFilters(Object(CInlineAction), Array)
#30 D:\OpenServer\domains\MaxiShop-test\protected\framework\web\CWebApplication.php(282): CController->run('index')
#31 D:\OpenServer\domains\MaxiShop-test\protected\framework\web\CWebApplication.php(141): CWebApplication->runController('product/index')
#32 D:\OpenServer\domains\MaxiShop-test\protected\framework\base\CApplication.php(185): CWebApplication->processRequest()
#33 D:\OpenServer\domains\MaxiShop-test\index.php(7): CApplication->run()
#34 {main}
REQUEST_URI=/product/index
HTTP_REFERER=http://maxishop-test/site/delivery
---
2020/11/24 18:06:36 [error] [exception.CDbException] SQLSTATE[HY000] [1045] Access denied for user 'root'@'localhost' (using password: NO)
2020/11/24 18:06:36 [error] [exception.CDbException] CDbException: CDbConnection failed to open the DB connection. in D:\OpenServer\domains\MaxiShop-test\protected\framework\db\CDbConnection.php:405
Stack trace:
#0 D:\OpenServer\domains\MaxiShop-test\protected\framework\db\CDbConnection.php(347): CDbConnection->open()
#1 D:\OpenServer\domains\MaxiShop-test\protected\framework\db\CDbConnection.php(325): CDbConnection->setActive(true)
#2 D:\OpenServer\domains\MaxiShop-test\protected\framework\base\CModule.php(394): CDbConnection->init()
#3 D:\OpenServer\domains\MaxiShop-test\protected\framework\base\CApplication.php(459): CModule->getComponent('db')
#4 D:\OpenServer\domains\MaxiShop-test\protected\framework\db\ar\CActiveRecord.php(637): CApplication->getDb()
#5 D:\OpenServer\domains\MaxiShop-test\protected\framework\db\ar\CActiveRecord.php(670): CActiveRecord->getDbConnection()
#6 D:\OpenServer\domains\MaxiShop-test\protected\framework\db\ar\CActiveRecord.php(1601): CActiveRecord->getCommandBuilder()
#7 D:\OpenServer\domains\MaxiShop-test\protected\framework\web\CActiveDataProvider.php(228): CActiveRecord->count(Object(CDbCriteria))
#8 D:\OpenServer\domains\MaxiShop-test\protected\framework\web\CDataProvider.php(224): CActiveDataProvider->calculateTotalItemCount()
#9 D:\OpenServer\domains\MaxiShop-test\protected\framework\web\CActiveDataProvider.php(178): CDataProvider->getTotalItemCount()
#10 D:\OpenServer\domains\MaxiShop-test\protected\framework\web\CDataProvider.php(168): CActiveDataProvider->fetchData()
#11 D:\OpenServer\domains\MaxiShop-test\protected\framework\zii\widgets\CBaseListView.php(125): CDataProvider->getData()
#12 D:\OpenServer\domains\MaxiShop-test\protected\framework\zii\widgets\CListView.php(211): CBaseListView->init()
#13 D:\OpenServer\domains\MaxiShop-test\protected\framework\web\CBaseController.php(147): CListView->init()
#14 D:\OpenServer\domains\MaxiShop-test\protected\framework\web\CBaseController.php(180): CBaseController->createWidget('zii.widgets.CLi...', Array)
#15 D:\OpenServer\domains\MaxiShop-test\protected\views\product\index.php(12): CBaseController->widget('zii.widgets.CLi...', Array)
#16 D:\OpenServer\domains\MaxiShop-test\protected\framework\web\CBaseController.php(126): require('D:\\OpenServer\\d...')
#17 D:\OpenServer\domains\MaxiShop-test\protected\framework\web\CBaseController.php(95): CBaseController->renderInternal('D:\\OpenServer\\d...', Array, true)
#18 D:\OpenServer\domains\MaxiShop-test\protected\framework\web\CController.php(869): CBaseController->renderFile('D:\\OpenServer\\d...', Array, true)
#19 D:\OpenServer\domains\MaxiShop-test\protected\framework\web\CController.php(782): CController->renderPartial('index', Array, true)
#20 D:\OpenServer\domains\MaxiShop-test\protected\controllers\ProductController.php(144): CController->render('index', Array)
#21 D:\OpenServer\domains\MaxiShop-test\protected\framework\web\actions\CInlineAction.php(49): ProductController->actionIndex()
#22 D:\OpenServer\domains\MaxiShop-test\protected\framework\web\CController.php(308): CInlineAction->runWithParams(Array)
#23 D:\OpenServer\domains\MaxiShop-test\protected\framework\web\filters\CFilterChain.php(133): CController->runAction(Object(CInlineAction))
#24 D:\OpenServer\domains\MaxiShop-test\protected\framework\web\filters\CFilter.php(40): CFilterChain->run()
#25 D:\OpenServer\domains\MaxiShop-test\protected\framework\web\CController.php(1145): CFilter->filter(Object(CFilterChain))
#26 D:\OpenServer\domains\MaxiShop-test\protected\framework\web\filters\CInlineFilter.php(58): CController->filterAccessControl(Object(CFilterChain))
#27 D:\OpenServer\domains\MaxiShop-test\protected\framework\web\filters\CFilterChain.php(130): CInlineFilter->filter(Object(CFilterChain))
#28 D:\OpenServer\domains\MaxiShop-test\protected\framework\web\CController.php(291): CFilterChain->run()
#29 D:\OpenServer\domains\MaxiShop-test\protected\framework\web\CController.php(265): CController->runActionWithFilters(Object(CInlineAction), Array)
#30 D:\OpenServer\domains\MaxiShop-test\protected\framework\web\CWebApplication.php(282): CController->run('index')
#31 D:\OpenServer\domains\MaxiShop-test\protected\framework\web\CWebApplication.php(141): CWebApplication->runController('product/index')
#32 D:\OpenServer\domains\MaxiShop-test\protected\framework\base\CApplication.php(185): CWebApplication->processRequest()
#33 D:\OpenServer\domains\MaxiShop-test\index.php(7): CApplication->run()
#34 {main}
REQUEST_URI=/product/index
HTTP_REFERER=http://maxishop-test/site/delivery
---
2020/11/24 18:09:49 [error] [exception.CDbException] SQLSTATE[HY000] [1045] Access denied for user 'root'@'localhost' (using password: NO)
2020/11/24 18:09:49 [error] [exception.CDbException] CDbException: CDbConnection failed to open the DB connection. in D:\OpenServer\domains\MaxiShop-test1\protected\framework\db\CDbConnection.php:405
Stack trace:
#0 D:\OpenServer\domains\MaxiShop-test1\protected\framework\db\CDbConnection.php(347): CDbConnection->open()
#1 D:\OpenServer\domains\MaxiShop-test1\protected\framework\db\CDbConnection.php(325): CDbConnection->setActive(true)
#2 D:\OpenServer\domains\MaxiShop-test1\protected\framework\base\CModule.php(394): CDbConnection->init()
#3 D:\OpenServer\domains\MaxiShop-test1\protected\framework\base\CApplication.php(459): CModule->getComponent('db')
#4 D:\OpenServer\domains\MaxiShop-test1\protected\framework\db\ar\CActiveRecord.php(637): CApplication->getDb()
#5 D:\OpenServer\domains\MaxiShop-test1\protected\framework\db\ar\CActiveRecord.php(670): CActiveRecord->getDbConnection()
#6 D:\OpenServer\domains\MaxiShop-test1\protected\framework\db\ar\CActiveRecord.php(1601): CActiveRecord->getCommandBuilder()
#7 D:\OpenServer\domains\MaxiShop-test1\protected\framework\web\CActiveDataProvider.php(228): CActiveRecord->count(Object(CDbCriteria))
#8 D:\OpenServer\domains\MaxiShop-test1\protected\framework\web\CDataProvider.php(224): CActiveDataProvider->calculateTotalItemCount()
#9 D:\OpenServer\domains\MaxiShop-test1\protected\framework\web\CActiveDataProvider.php(178): CDataProvider->getTotalItemCount()
#10 D:\OpenServer\domains\MaxiShop-test1\protected\framework\web\CDataProvider.php(168): CActiveDataProvider->fetchData()
#11 D:\OpenServer\domains\MaxiShop-test1\protected\framework\zii\widgets\CBaseListView.php(125): CDataProvider->getData()
#12 D:\OpenServer\domains\MaxiShop-test1\protected\framework\zii\widgets\CListView.php(211): CBaseListView->init()
#13 D:\OpenServer\domains\MaxiShop-test1\protected\framework\web\CBaseController.php(147): CListView->init()
#14 D:\OpenServer\domains\MaxiShop-test1\protected\framework\web\CBaseController.php(180): CBaseController->createWidget('zii.widgets.CLi...', Array)
#15 D:\OpenServer\domains\MaxiShop-test1\protected\views\product\index.php(12): CBaseController->widget('zii.widgets.CLi...', Array)
#16 D:\OpenServer\domains\MaxiShop-test1\protected\framework\web\CBaseController.php(126): require('D:\\OpenServer\\d...')
#17 D:\OpenServer\domains\MaxiShop-test1\protected\framework\web\CBaseController.php(95): CBaseController->renderInternal('D:\\OpenServer\\d...', Array, true)
#18 D:\OpenServer\domains\MaxiShop-test1\protected\framework\web\CController.php(869): CBaseController->renderFile('D:\\OpenServer\\d...', Array, true)
#19 D:\OpenServer\domains\MaxiShop-test1\protected\framework\web\CController.php(782): CController->renderPartial('index', Array, true)
#20 D:\OpenServer\domains\MaxiShop-test1\protected\controllers\ProductController.php(144): CController->render('index', Array)
#21 D:\OpenServer\domains\MaxiShop-test1\protected\framework\web\actions\CInlineAction.php(49): ProductController->actionIndex()
#22 D:\OpenServer\domains\MaxiShop-test1\protected\framework\web\CController.php(308): CInlineAction->runWithParams(Array)
#23 D:\OpenServer\domains\MaxiShop-test1\protected\framework\web\filters\CFilterChain.php(133): CController->runAction(Object(CInlineAction))
#24 D:\OpenServer\domains\MaxiShop-test1\protected\framework\web\filters\CFilter.php(40): CFilterChain->run()
#25 D:\OpenServer\domains\MaxiShop-test1\protected\framework\web\CController.php(1145): CFilter->filter(Object(CFilterChain))
#26 D:\OpenServer\domains\MaxiShop-test1\protected\framework\web\filters\CInlineFilter.php(58): CController->filterAccessControl(Object(CFilterChain))
#27 D:\OpenServer\domains\MaxiShop-test1\protected\framework\web\filters\CFilterChain.php(130): CInlineFilter->filter(Object(CFilterChain))
#28 D:\OpenServer\domains\MaxiShop-test1\protected\framework\web\CController.php(291): CFilterChain->run()
#29 D:\OpenServer\domains\MaxiShop-test1\protected\framework\web\CController.php(265): CController->runActionWithFilters(Object(CInlineAction), Array)
#30 D:\OpenServer\domains\MaxiShop-test1\protected\framework\web\CWebApplication.php(282): CController->run('')
#31 D:\OpenServer\domains\MaxiShop-test1\protected\framework\web\CWebApplication.php(141): CWebApplication->runController('')
#32 D:\OpenServer\domains\MaxiShop-test1\protected\framework\base\CApplication.php(185): CWebApplication->processRequest()
#33 D:\OpenServer\domains\MaxiShop-test1\index.php(7): CApplication->run()
#34 {main}
REQUEST_URI=/
---
2020/11/24 18:11:35 [error] [exception.CDbException] SQLSTATE[HY000] [1045] Access denied for user 'root'@'localhost' (using password: NO)
2020/11/24 18:11:35 [error] [exception.CDbException] CDbException: CDbConnection failed to open the DB connection. in D:\OpenServer\domains\MaxiShop-test1\protected\framework\db\CDbConnection.php:405
Stack trace:
#0 D:\OpenServer\domains\MaxiShop-test1\protected\framework\db\CDbConnection.php(347): CDbConnection->open()
#1 D:\OpenServer\domains\MaxiShop-test1\protected\framework\db\CDbConnection.php(325): CDbConnection->setActive(true)
#2 D:\OpenServer\domains\MaxiShop-test1\protected\framework\base\CModule.php(394): CDbConnection->init()
#3 D:\OpenServer\domains\MaxiShop-test1\protected\framework\base\CApplication.php(459): CModule->getComponent('db')
#4 D:\OpenServer\domains\MaxiShop-test1\protected\framework\db\ar\CActiveRecord.php(637): CApplication->getDb()
#5 D:\OpenServer\domains\MaxiShop-test1\protected\framework\db\ar\CActiveRecord.php(670): CActiveRecord->getDbConnection()
#6 D:\OpenServer\domains\MaxiShop-test1\protected\framework\db\ar\CActiveRecord.php(1601): CActiveRecord->getCommandBuilder()
#7 D:\OpenServer\domains\MaxiShop-test1\protected\framework\web\CActiveDataProvider.php(228): CActiveRecord->count(Object(CDbCriteria))
#8 D:\OpenServer\domains\MaxiShop-test1\protected\framework\web\CDataProvider.php(224): CActiveDataProvider->calculateTotalItemCount()
#9 D:\OpenServer\domains\MaxiShop-test1\protected\framework\web\CActiveDataProvider.php(178): CDataProvider->getTotalItemCount()
#10 D:\OpenServer\domains\MaxiShop-test1\protected\framework\web\CDataProvider.php(168): CActiveDataProvider->fetchData()
#11 D:\OpenServer\domains\MaxiShop-test1\protected\framework\zii\widgets\CBaseListView.php(125): CDataProvider->getData()
#12 D:\OpenServer\domains\MaxiShop-test1\protected\framework\zii\widgets\CListView.php(211): CBaseListView->init()
#13 D:\OpenServer\domains\MaxiShop-test1\protected\framework\web\CBaseController.php(147): CListView->init()
#14 D:\OpenServer\domains\MaxiShop-test1\protected\framework\web\CBaseController.php(180): CBaseController->createWidget('zii.widgets.CLi...', Array)
#15 D:\OpenServer\domains\MaxiShop-test1\protected\views\product\index.php(12): CBaseController->widget('zii.widgets.CLi...', Array)
#16 D:\OpenServer\domains\MaxiShop-test1\protected\framework\web\CBaseController.php(126): require('D:\\OpenServer\\d...')
#17 D:\OpenServer\domains\MaxiShop-test1\protected\framework\web\CBaseController.php(95): CBaseController->renderInternal('D:\\OpenServer\\d...', Array, true)
#18 D:\OpenServer\domains\MaxiShop-test1\protected\framework\web\CController.php(869): CBaseController->renderFile('D:\\OpenServer\\d...', Array, true)
#19 D:\OpenServer\domains\MaxiShop-test1\protected\framework\web\CController.php(782): CController->renderPartial('index', Array, true)
#20 D:\OpenServer\domains\MaxiShop-test1\protected\controllers\ProductController.php(144): CController->render('index', Array)
#21 D:\OpenServer\domains\MaxiShop-test1\protected\framework\web\actions\CInlineAction.php(49): ProductController->actionIndex()
#22 D:\OpenServer\domains\MaxiShop-test1\protected\framework\web\CController.php(308): CInlineAction->runWithParams(Array)
#23 D:\OpenServer\domains\MaxiShop-test1\protected\framework\web\filters\CFilterChain.php(133): CController->runAction(Object(CInlineAction))
#24 D:\OpenServer\domains\MaxiShop-test1\protected\framework\web\filters\CFilter.php(40): CFilterChain->run()
#25 D:\OpenServer\domains\MaxiShop-test1\protected\framework\web\CController.php(1145): CFilter->filter(Object(CFilterChain))
#26 D:\OpenServer\domains\MaxiShop-test1\protected\framework\web\filters\CInlineFilter.php(58): CController->filterAccessControl(Object(CFilterChain))
#27 D:\OpenServer\domains\MaxiShop-test1\protected\framework\web\filters\CFilterChain.php(130): CInlineFilter->filter(Object(CFilterChain))
#28 D:\OpenServer\domains\MaxiShop-test1\protected\framework\web\CController.php(291): CFilterChain->run()
#29 D:\OpenServer\domains\MaxiShop-test1\protected\framework\web\CController.php(265): CController->runActionWithFilters(Object(CInlineAction), Array)
#30 D:\OpenServer\domains\MaxiShop-test1\protected\framework\web\CWebApplication.php(282): CController->run('index')
#31 D:\OpenServer\domains\MaxiShop-test1\protected\framework\web\CWebApplication.php(141): CWebApplication->runController('product/index')
#32 D:\OpenServer\domains\MaxiShop-test1\protected\framework\base\CApplication.php(185): CWebApplication->processRequest()
#33 D:\OpenServer\domains\MaxiShop-test1\index.php(7): CApplication->run()
#34 {main}
REQUEST_URI=/product/index
---
2020/11/24 18:11:41 [error] [exception.CDbException] SQLSTATE[HY000] [1045] Access denied for user 'root'@'localhost' (using password: NO)
2020/11/24 18:11:41 [error] [exception.CDbException] CDbException: CDbConnection failed to open the DB connection. in D:\OpenServer\domains\MaxiShop-test1\protected\framework\db\CDbConnection.php:405
Stack trace:
#0 D:\OpenServer\domains\MaxiShop-test1\protected\framework\db\CDbConnection.php(347): CDbConnection->open()
#1 D:\OpenServer\domains\MaxiShop-test1\protected\framework\db\CDbConnection.php(325): CDbConnection->setActive(true)
#2 D:\OpenServer\domains\MaxiShop-test1\protected\framework\base\CModule.php(394): CDbConnection->init()
#3 D:\OpenServer\domains\MaxiShop-test1\protected\framework\base\CApplication.php(459): CModule->getComponent('db')
#4 D:\OpenServer\domains\MaxiShop-test1\protected\framework\db\ar\CActiveRecord.php(637): CApplication->getDb()
#5 D:\OpenServer\domains\MaxiShop-test1\protected\framework\db\ar\CActiveRecord.php(670): CActiveRecord->getDbConnection()
#6 D:\OpenServer\domains\MaxiShop-test1\protected\framework\db\ar\CActiveRecord.php(1601): CActiveRecord->getCommandBuilder()
#7 D:\OpenServer\domains\MaxiShop-test1\protected\framework\web\CActiveDataProvider.php(228): CActiveRecord->count(Object(CDbCriteria))
#8 D:\OpenServer\domains\MaxiShop-test1\protected\framework\web\CDataProvider.php(224): CActiveDataProvider->calculateTotalItemCount()
#9 D:\OpenServer\domains\MaxiShop-test1\protected\framework\web\CActiveDataProvider.php(178): CDataProvider->getTotalItemCount()
#10 D:\OpenServer\domains\MaxiShop-test1\protected\framework\web\CDataProvider.php(168): CActiveDataProvider->fetchData()
#11 D:\OpenServer\domains\MaxiShop-test1\protected\framework\zii\widgets\CBaseListView.php(125): CDataProvider->getData()
#12 D:\OpenServer\domains\MaxiShop-test1\protected\framework\zii\widgets\CListView.php(211): CBaseListView->init()
#13 D:\OpenServer\domains\MaxiShop-test1\protected\framework\web\CBaseController.php(147): CListView->init()
#14 D:\OpenServer\domains\MaxiShop-test1\protected\framework\web\CBaseController.php(180): CBaseController->createWidget('zii.widgets.CLi...', Array)
#15 D:\OpenServer\domains\MaxiShop-test1\protected\views\product\index.php(12): CBaseController->widget('zii.widgets.CLi...', Array)
#16 D:\OpenServer\domains\MaxiShop-test1\protected\framework\web\CBaseController.php(126): require('D:\\OpenServer\\d...')
#17 D:\OpenServer\domains\MaxiShop-test1\protected\framework\web\CBaseController.php(95): CBaseController->renderInternal('D:\\OpenServer\\d...', Array, true)
#18 D:\OpenServer\domains\MaxiShop-test1\protected\framework\web\CController.php(869): CBaseController->renderFile('D:\\OpenServer\\d...', Array, true)
#19 D:\OpenServer\domains\MaxiShop-test1\protected\framework\web\CController.php(782): CController->renderPartial('index', Array, true)
#20 D:\OpenServer\domains\MaxiShop-test1\protected\controllers\ProductController.php(144): CController->render('index', Array)
#21 D:\OpenServer\domains\MaxiShop-test1\protected\framework\web\actions\CInlineAction.php(49): ProductController->actionIndex()
#22 D:\OpenServer\domains\MaxiShop-test1\protected\framework\web\CController.php(308): CInlineAction->runWithParams(Array)
#23 D:\OpenServer\domains\MaxiShop-test1\protected\framework\web\filters\CFilterChain.php(133): CController->runAction(Object(CInlineAction))
#24 D:\OpenServer\domains\MaxiShop-test1\protected\framework\web\filters\CFilter.php(40): CFilterChain->run()
#25 D:\OpenServer\domains\MaxiShop-test1\protected\framework\web\CController.php(1145): CFilter->filter(Object(CFilterChain))
#26 D:\OpenServer\domains\MaxiShop-test1\protected\framework\web\filters\CInlineFilter.php(58): CController->filterAccessControl(Object(CFilterChain))
#27 D:\OpenServer\domains\MaxiShop-test1\protected\framework\web\filters\CFilterChain.php(130): CInlineFilter->filter(Object(CFilterChain))
#28 D:\OpenServer\domains\MaxiShop-test1\protected\framework\web\CController.php(291): CFilterChain->run()
#29 D:\OpenServer\domains\MaxiShop-test1\protected\framework\web\CController.php(265): CController->runActionWithFilters(Object(CInlineAction), Array)
#30 D:\OpenServer\domains\MaxiShop-test1\protected\framework\web\CWebApplication.php(282): CController->run('')
#31 D:\OpenServer\domains\MaxiShop-test1\protected\framework\web\CWebApplication.php(141): CWebApplication->runController('product')
#32 D:\OpenServer\domains\MaxiShop-test1\protected\framework\base\CApplication.php(185): CWebApplication->processRequest()
#33 D:\OpenServer\domains\MaxiShop-test1\index.php(7): CApplication->run()
#34 {main}
REQUEST_URI=/product/
---
2020/11/24 18:11:47 [error] [exception.CDbException] SQLSTATE[HY000] [1045] Access denied for user 'root'@'localhost' (using password: NO)
2020/11/24 18:11:47 [error] [exception.CDbException] CDbException: CDbConnection failed to open the DB connection. in D:\OpenServer\domains\MaxiShop-test1\protected\framework\db\CDbConnection.php:405
Stack trace:
#0 D:\OpenServer\domains\MaxiShop-test1\protected\framework\db\CDbConnection.php(347): CDbConnection->open()
#1 D:\OpenServer\domains\MaxiShop-test1\protected\framework\db\CDbConnection.php(325): CDbConnection->setActive(true)
#2 D:\OpenServer\domains\MaxiShop-test1\protected\framework\base\CModule.php(394): CDbConnection->init()
#3 D:\OpenServer\domains\MaxiShop-test1\protected\framework\base\CApplication.php(459): CModule->getComponent('db')
#4 D:\OpenServer\domains\MaxiShop-test1\protected\framework\db\ar\CActiveRecord.php(637): CApplication->getDb()
#5 D:\OpenServer\domains\MaxiShop-test1\protected\framework\db\ar\CActiveRecord.php(670): CActiveRecord->getDbConnection()
#6 D:\OpenServer\domains\MaxiShop-test1\protected\framework\db\ar\CActiveRecord.php(1601): CActiveRecord->getCommandBuilder()
#7 D:\OpenServer\domains\MaxiShop-test1\protected\framework\web\CActiveDataProvider.php(228): CActiveRecord->count(Object(CDbCriteria))
#8 D:\OpenServer\domains\MaxiShop-test1\protected\framework\web\CDataProvider.php(224): CActiveDataProvider->calculateTotalItemCount()
#9 D:\OpenServer\domains\MaxiShop-test1\protected\framework\web\CActiveDataProvider.php(178): CDataProvider->getTotalItemCount()
#10 D:\OpenServer\domains\MaxiShop-test1\protected\framework\web\CDataProvider.php(168): CActiveDataProvider->fetchData()
#11 D:\OpenServer\domains\MaxiShop-test1\protected\framework\zii\widgets\CBaseListView.php(125): CDataProvider->getData()
#12 D:\OpenServer\domains\MaxiShop-test1\protected\framework\zii\widgets\CListView.php(211): CBaseListView->init()
#13 D:\OpenServer\domains\MaxiShop-test1\protected\framework\web\CBaseController.php(147): CListView->init()
#14 D:\OpenServer\domains\MaxiShop-test1\protected\framework\web\CBaseController.php(180): CBaseController->createWidget('zii.widgets.CLi...', Array)
#15 D:\OpenServer\domains\MaxiShop-test1\protected\views\product\index.php(12): CBaseController->widget('zii.widgets.CLi...', Array)
#16 D:\OpenServer\domains\MaxiShop-test1\protected\framework\web\CBaseController.php(126): require('D:\\OpenServer\\d...')
#17 D:\OpenServer\domains\MaxiShop-test1\protected\framework\web\CBaseController.php(95): CBaseController->renderInternal('D:\\OpenServer\\d...', Array, true)
#18 D:\OpenServer\domains\MaxiShop-test1\protected\framework\web\CController.php(869): CBaseController->renderFile('D:\\OpenServer\\d...', Array, true)
#19 D:\OpenServer\domains\MaxiShop-test1\protected\framework\web\CController.php(782): CController->renderPartial('index', Array, true)
#20 D:\OpenServer\domains\MaxiShop-test1\protected\controllers\ProductController.php(144): CController->render('index', Array)
#21 D:\OpenServer\domains\MaxiShop-test1\protected\framework\web\actions\CInlineAction.php(49): ProductController->actionIndex()
#22 D:\OpenServer\domains\MaxiShop-test1\protected\framework\web\CController.php(308): CInlineAction->runWithParams(Array)
#23 D:\OpenServer\domains\MaxiShop-test1\protected\framework\web\filters\CFilterChain.php(133): CController->runAction(Object(CInlineAction))
#24 D:\OpenServer\domains\MaxiShop-test1\protected\framework\web\filters\CFilter.php(40): CFilterChain->run()
#25 D:\OpenServer\domains\MaxiShop-test1\protected\framework\web\CController.php(1145): CFilter->filter(Object(CFilterChain))
#26 D:\OpenServer\domains\MaxiShop-test1\protected\framework\web\filters\CInlineFilter.php(58): CController->filterAccessControl(Object(CFilterChain))
#27 D:\OpenServer\domains\MaxiShop-test1\protected\framework\web\filters\CFilterChain.php(130): CInlineFilter->filter(Object(CFilterChain))
#28 D:\OpenServer\domains\MaxiShop-test1\protected\framework\web\CController.php(291): CFilterChain->run()
#29 D:\OpenServer\domains\MaxiShop-test1\protected\framework\web\CController.php(265): CController->runActionWithFilters(Object(CInlineAction), Array)
#30 D:\OpenServer\domains\MaxiShop-test1\protected\framework\web\CWebApplication.php(282): CController->run('')
#31 D:\OpenServer\domains\MaxiShop-test1\protected\framework\web\CWebApplication.php(141): CWebApplication->runController('')
#32 D:\OpenServer\domains\MaxiShop-test1\protected\framework\base\CApplication.php(185): CWebApplication->processRequest()
#33 D:\OpenServer\domains\MaxiShop-test1\index.php(7): CApplication->run()
#34 {main}
REQUEST_URI=/
---
2020/11/24 18:11:51 [error] [exception.CDbException] SQLSTATE[HY000] [1045] Access denied for user 'root'@'localhost' (using password: NO)
2020/11/24 18:11:51 [error] [exception.CDbException] CDbException: CDbConnection failed to open the DB connection. in D:\OpenServer\domains\MaxiShop-test1\protected\framework\db\CDbConnection.php:405
Stack trace:
#0 D:\OpenServer\domains\MaxiShop-test1\protected\framework\db\CDbConnection.php(347): CDbConnection->open()
#1 D:\OpenServer\domains\MaxiShop-test1\protected\framework\db\CDbConnection.php(325): CDbConnection->setActive(true)
#2 D:\OpenServer\domains\MaxiShop-test1\protected\framework\base\CModule.php(394): CDbConnection->init()
#3 D:\OpenServer\domains\MaxiShop-test1\protected\framework\base\CApplication.php(459): CModule->getComponent('db')
#4 D:\OpenServer\domains\MaxiShop-test1\protected\framework\db\ar\CActiveRecord.php(637): CApplication->getDb()
#5 D:\OpenServer\domains\MaxiShop-test1\protected\framework\db\ar\CActiveRecord.php(670): CActiveRecord->getDbConnection()
#6 D:\OpenServer\domains\MaxiShop-test1\protected\framework\db\ar\CActiveRecord.php(1601): CActiveRecord->getCommandBuilder()
#7 D:\OpenServer\domains\MaxiShop-test1\protected\framework\web\CActiveDataProvider.php(228): CActiveRecord->count(Object(CDbCriteria))
#8 D:\OpenServer\domains\MaxiShop-test1\protected\framework\web\CDataProvider.php(224): CActiveDataProvider->calculateTotalItemCount()
#9 D:\OpenServer\domains\MaxiShop-test1\protected\framework\web\CActiveDataProvider.php(178): CDataProvider->getTotalItemCount()
#10 D:\OpenServer\domains\MaxiShop-test1\protected\framework\web\CDataProvider.php(168): CActiveDataProvider->fetchData()
#11 D:\OpenServer\domains\MaxiShop-test1\protected\framework\zii\widgets\CBaseListView.php(125): CDataProvider->getData()
#12 D:\OpenServer\domains\MaxiShop-test1\protected\framework\zii\widgets\CListView.php(211): CBaseListView->init()
#13 D:\OpenServer\domains\MaxiShop-test1\protected\framework\web\CBaseController.php(147): CListView->init()
#14 D:\OpenServer\domains\MaxiShop-test1\protected\framework\web\CBaseController.php(180): CBaseController->createWidget('zii.widgets.CLi...', Array)
#15 D:\OpenServer\domains\MaxiShop-test1\protected\views\product\index.php(12): CBaseController->widget('zii.widgets.CLi...', Array)
#16 D:\OpenServer\domains\MaxiShop-test1\protected\framework\web\CBaseController.php(126): require('D:\\OpenServer\\d...')
#17 D:\OpenServer\domains\MaxiShop-test1\protected\framework\web\CBaseController.php(95): CBaseController->renderInternal('D:\\OpenServer\\d...', Array, true)
#18 D:\OpenServer\domains\MaxiShop-test1\protected\framework\web\CController.php(869): CBaseController->renderFile('D:\\OpenServer\\d...', Array, true)
#19 D:\OpenServer\domains\MaxiShop-test1\protected\framework\web\CController.php(782): CController->renderPartial('index', Array, true)
#20 D:\OpenServer\domains\MaxiShop-test1\protected\controllers\ProductController.php(144): CController->render('index', Array)
#21 D:\OpenServer\domains\MaxiShop-test1\protected\framework\web\actions\CInlineAction.php(49): ProductController->actionIndex()
#22 D:\OpenServer\domains\MaxiShop-test1\protected\framework\web\CController.php(308): CInlineAction->runWithParams(Array)
#23 D:\OpenServer\domains\MaxiShop-test1\protected\framework\web\filters\CFilterChain.php(133): CController->runAction(Object(CInlineAction))
#24 D:\OpenServer\domains\MaxiShop-test1\protected\framework\web\filters\CFilter.php(40): CFilterChain->run()
#25 D:\OpenServer\domains\MaxiShop-test1\protected\framework\web\CController.php(1145): CFilter->filter(Object(CFilterChain))
#26 D:\OpenServer\domains\MaxiShop-test1\protected\framework\web\filters\CInlineFilter.php(58): CController->filterAccessControl(Object(CFilterChain))
#27 D:\OpenServer\domains\MaxiShop-test1\protected\framework\web\filters\CFilterChain.php(130): CInlineFilter->filter(Object(CFilterChain))
#28 D:\OpenServer\domains\MaxiShop-test1\protected\framework\web\CController.php(291): CFilterChain->run()
#29 D:\OpenServer\domains\MaxiShop-test1\protected\framework\web\CController.php(265): CController->runActionWithFilters(Object(CInlineAction), Array)
#30 D:\OpenServer\domains\MaxiShop-test1\protected\framework\web\CWebApplication.php(282): CController->run('index')
#31 D:\OpenServer\domains\MaxiShop-test1\protected\framework\web\CWebApplication.php(141): CWebApplication->runController('product/index')
#32 D:\OpenServer\domains\MaxiShop-test1\protected\framework\base\CApplication.php(185): CWebApplication->processRequest()
#33 D:\OpenServer\domains\MaxiShop-test1\index.php(7): CApplication->run()
#34 {main}
REQUEST_URI=/product/index
HTTP_REFERER=http://maxishop-test1/site/delivery
---
2020/11/24 18:13:44 [error] [exception.CDbException] SQLSTATE[HY000] [1045] Access denied for user 'root'@'localhost' (using password: NO)
2020/11/24 18:13:44 [error] [exception.CDbException] CDbException: CDbConnection failed to open the DB connection. in D:\OpenServer\domains\MaxiShop-test1\protected\framework\db\CDbConnection.php:405
Stack trace:
#0 D:\OpenServer\domains\MaxiShop-test1\protected\framework\db\CDbConnection.php(347): CDbConnection->open()
#1 D:\OpenServer\domains\MaxiShop-test1\protected\framework\db\CDbConnection.php(325): CDbConnection->setActive(true)
#2 D:\OpenServer\domains\MaxiShop-test1\protected\framework\base\CModule.php(394): CDbConnection->init()
#3 D:\OpenServer\domains\MaxiShop-test1\protected\framework\base\CApplication.php(459): CModule->getComponent('db')
#4 D:\OpenServer\domains\MaxiShop-test1\protected\framework\db\ar\CActiveRecord.php(637): CApplication->getDb()
#5 D:\OpenServer\domains\MaxiShop-test1\protected\framework\db\ar\CActiveRecord.php(670): CActiveRecord->getDbConnection()
#6 D:\OpenServer\domains\MaxiShop-test1\protected\framework\db\ar\CActiveRecord.php(1601): CActiveRecord->getCommandBuilder()
#7 D:\OpenServer\domains\MaxiShop-test1\protected\framework\web\CActiveDataProvider.php(228): CActiveRecord->count(Object(CDbCriteria))
#8 D:\OpenServer\domains\MaxiShop-test1\protected\framework\web\CDataProvider.php(224): CActiveDataProvider->calculateTotalItemCount()
#9 D:\OpenServer\domains\MaxiShop-test1\protected\framework\web\CActiveDataProvider.php(178): CDataProvider->getTotalItemCount()
#10 D:\OpenServer\domains\MaxiShop-test1\protected\framework\web\CDataProvider.php(168): CActiveDataProvider->fetchData()
#11 D:\OpenServer\domains\MaxiShop-test1\protected\framework\zii\widgets\CBaseListView.php(125): CDataProvider->getData()
#12 D:\OpenServer\domains\MaxiShop-test1\protected\framework\zii\widgets\CListView.php(211): CBaseListView->init()
#13 D:\OpenServer\domains\MaxiShop-test1\protected\framework\web\CBaseController.php(147): CListView->init()
#14 D:\OpenServer\domains\MaxiShop-test1\protected\framework\web\CBaseController.php(180): CBaseController->createWidget('zii.widgets.CLi...', Array)
#15 D:\OpenServer\domains\MaxiShop-test1\protected\views\product\index.php(12): CBaseController->widget('zii.widgets.CLi...', Array)
#16 D:\OpenServer\domains\MaxiShop-test1\protected\framework\web\CBaseController.php(126): require('D:\\OpenServer\\d...')
#17 D:\OpenServer\domains\MaxiShop-test1\protected\framework\web\CBaseController.php(95): CBaseController->renderInternal('D:\\OpenServer\\d...', Array, true)
#18 D:\OpenServer\domains\MaxiShop-test1\protected\framework\web\CController.php(869): CBaseController->renderFile('D:\\OpenServer\\d...', Array, true)
#19 D:\OpenServer\domains\MaxiShop-test1\protected\framework\web\CController.php(782): CController->renderPartial('index', Array, true)
#20 D:\OpenServer\domains\MaxiShop-test1\protected\controllers\ProductController.php(144): CController->render('index', Array)
#21 D:\OpenServer\domains\MaxiShop-test1\protected\framework\web\actions\CInlineAction.php(49): ProductController->actionIndex()
#22 D:\OpenServer\domains\MaxiShop-test1\protected\framework\web\CController.php(308): CInlineAction->runWithParams(Array)
#23 D:\OpenServer\domains\MaxiShop-test1\protected\framework\web\filters\CFilterChain.php(133): CController->runAction(Object(CInlineAction))
#24 D:\OpenServer\domains\MaxiShop-test1\protected\framework\web\filters\CFilter.php(40): CFilterChain->run()
#25 D:\OpenServer\domains\MaxiShop-test1\protected\framework\web\CController.php(1145): CFilter->filter(Object(CFilterChain))
#26 D:\OpenServer\domains\MaxiShop-test1\protected\framework\web\filters\CInlineFilter.php(58): CController->filterAccessControl(Object(CFilterChain))
#27 D:\OpenServer\domains\MaxiShop-test1\protected\framework\web\filters\CFilterChain.php(130): CInlineFilter->filter(Object(CFilterChain))
#28 D:\OpenServer\domains\MaxiShop-test1\protected\framework\web\CController.php(291): CFilterChain->run()
#29 D:\OpenServer\domains\MaxiShop-test1\protected\framework\web\CController.php(265): CController->runActionWithFilters(Object(CInlineAction), Array)
#30 D:\OpenServer\domains\MaxiShop-test1\protected\framework\web\CWebApplication.php(282): CController->run('index')
#31 D:\OpenServer\domains\MaxiShop-test1\protected\framework\web\CWebApplication.php(141): CWebApplication->runController('product/index')
#32 D:\OpenServer\domains\MaxiShop-test1\protected\framework\base\CApplication.php(185): CWebApplication->processRequest()
#33 D:\OpenServer\domains\MaxiShop-test1\index.php(7): CApplication->run()
#34 {main}
REQUEST_URI=/product/index
HTTP_REFERER=http://maxishop-test1/site/delivery
---
2020/11/24 18:14:07 [error] [exception.CDbException] SQLSTATE[HY000] [1045] Access denied for user 'root'@'localhost' (using password: NO)
2020/11/24 18:14:07 [error] [exception.CDbException] CDbException: CDbConnection failed to open the DB connection. in D:\OpenServer\domains\MaxiShop-test1\protected\framework\db\CDbConnection.php:405
Stack trace:
#0 D:\OpenServer\domains\MaxiShop-test1\protected\framework\db\CDbConnection.php(347): CDbConnection->open()
#1 D:\OpenServer\domains\MaxiShop-test1\protected\framework\db\CDbConnection.php(325): CDbConnection->setActive(true)
#2 D:\OpenServer\domains\MaxiShop-test1\protected\framework\base\CModule.php(394): CDbConnection->init()
#3 D:\OpenServer\domains\MaxiShop-test1\protected\framework\base\CApplication.php(459): CModule->getComponent('db')
#4 D:\OpenServer\domains\MaxiShop-test1\protected\framework\db\ar\CActiveRecord.php(637): CApplication->getDb()
#5 D:\OpenServer\domains\MaxiShop-test1\protected\framework\db\ar\CActiveRecord.php(670): CActiveRecord->getDbConnection()
#6 D:\OpenServer\domains\MaxiShop-test1\protected\framework\db\ar\CActiveRecord.php(1601): CActiveRecord->getCommandBuilder()
#7 D:\OpenServer\domains\MaxiShop-test1\protected\framework\web\CActiveDataProvider.php(228): CActiveRecord->count(Object(CDbCriteria))
#8 D:\OpenServer\domains\MaxiShop-test1\protected\framework\web\CDataProvider.php(224): CActiveDataProvider->calculateTotalItemCount()
#9 D:\OpenServer\domains\MaxiShop-test1\protected\framework\web\CActiveDataProvider.php(178): CDataProvider->getTotalItemCount()
#10 D:\OpenServer\domains\MaxiShop-test1\protected\framework\web\CDataProvider.php(168): CActiveDataProvider->fetchData()
#11 D:\OpenServer\domains\MaxiShop-test1\protected\framework\zii\widgets\CBaseListView.php(125): CDataProvider->getData()
#12 D:\OpenServer\domains\MaxiShop-test1\protected\framework\zii\widgets\CListView.php(211): CBaseListView->init()
#13 D:\OpenServer\domains\MaxiShop-test1\protected\framework\web\CBaseController.php(147): CListView->init()
#14 D:\OpenServer\domains\MaxiShop-test1\protected\framework\web\CBaseController.php(180): CBaseController->createWidget('zii.widgets.CLi...', Array)
#15 D:\OpenServer\domains\MaxiShop-test1\protected\views\product\index.php(12): CBaseController->widget('zii.widgets.CLi...', Array)
#16 D:\OpenServer\domains\MaxiShop-test1\protected\framework\web\CBaseController.php(126): require('D:\\OpenServer\\d...')
#17 D:\OpenServer\domains\MaxiShop-test1\protected\framework\web\CBaseController.php(95): CBaseController->renderInternal('D:\\OpenServer\\d...', Array, true)
#18 D:\OpenServer\domains\MaxiShop-test1\protected\framework\web\CController.php(869): CBaseController->renderFile('D:\\OpenServer\\d...', Array, true)
#19 D:\OpenServer\domains\MaxiShop-test1\protected\framework\web\CController.php(782): CController->renderPartial('index', Array, true)
#20 D:\OpenServer\domains\MaxiShop-test1\protected\controllers\ProductController.php(144): CController->render('index', Array)
#21 D:\OpenServer\domains\MaxiShop-test1\protected\framework\web\actions\CInlineAction.php(49): ProductController->actionIndex()
#22 D:\OpenServer\domains\MaxiShop-test1\protected\framework\web\CController.php(308): CInlineAction->runWithParams(Array)
#23 D:\OpenServer\domains\MaxiShop-test1\protected\framework\web\filters\CFilterChain.php(133): CController->runAction(Object(CInlineAction))
#24 D:\OpenServer\domains\MaxiShop-test1\protected\framework\web\filters\CFilter.php(40): CFilterChain->run()
#25 D:\OpenServer\domains\MaxiShop-test1\protected\framework\web\CController.php(1145): CFilter->filter(Object(CFilterChain))
#26 D:\OpenServer\domains\MaxiShop-test1\protected\framework\web\filters\CInlineFilter.php(58): CController->filterAccessControl(Object(CFilterChain))
#27 D:\OpenServer\domains\MaxiShop-test1\protected\framework\web\filters\CFilterChain.php(130): CInlineFilter->filter(Object(CFilterChain))
#28 D:\OpenServer\domains\MaxiShop-test1\protected\framework\web\CController.php(291): CFilterChain->run()
#29 D:\OpenServer\domains\MaxiShop-test1\protected\framework\web\CController.php(265): CController->runActionWithFilters(Object(CInlineAction), Array)
#30 D:\OpenServer\domains\MaxiShop-test1\protected\framework\web\CWebApplication.php(282): CController->run('')
#31 D:\OpenServer\domains\MaxiShop-test1\protected\framework\web\CWebApplication.php(141): CWebApplication->runController('')
#32 D:\OpenServer\domains\MaxiShop-test1\protected\framework\base\CApplication.php(185): CWebApplication->processRequest()
#33 D:\OpenServer\domains\MaxiShop-test1\index.php(7): CApplication->run()
#34 {main}
REQUEST_URI=/
---
2020/11/24 18:14:17 [error] [exception.CDbException] SQLSTATE[HY000] [1045] Access denied for user 'root'@'localhost' (using password: NO)
2020/11/24 18:14:17 [error] [exception.CDbException] CDbException: CDbConnection failed to open the DB connection. in D:\OpenServer\domains\MaxiShop-test1\protected\framework\db\CDbConnection.php:405
Stack trace:
#0 D:\OpenServer\domains\MaxiShop-test1\protected\framework\db\CDbConnection.php(347): CDbConnection->open()
#1 D:\OpenServer\domains\MaxiShop-test1\protected\framework\db\CDbConnection.php(325): CDbConnection->setActive(true)
#2 D:\OpenServer\domains\MaxiShop-test1\protected\framework\base\CModule.php(394): CDbConnection->init()
#3 D:\OpenServer\domains\MaxiShop-test1\protected\framework\base\CApplication.php(459): CModule->getComponent('db')
#4 D:\OpenServer\domains\MaxiShop-test1\protected\framework\db\ar\CActiveRecord.php(637): CApplication->getDb()
#5 D:\OpenServer\domains\MaxiShop-test1\protected\framework\db\ar\CActiveRecord.php(670): CActiveRecord->getDbConnection()
#6 D:\OpenServer\domains\MaxiShop-test1\protected\framework\db\ar\CActiveRecord.php(1601): CActiveRecord->getCommandBuilder()
#7 D:\OpenServer\domains\MaxiShop-test1\protected\framework\web\CActiveDataProvider.php(228): CActiveRecord->count(Object(CDbCriteria))
#8 D:\OpenServer\domains\MaxiShop-test1\protected\framework\web\CDataProvider.php(224): CActiveDataProvider->calculateTotalItemCount()
#9 D:\OpenServer\domains\MaxiShop-test1\protected\framework\web\CActiveDataProvider.php(178): CDataProvider->getTotalItemCount()
#10 D:\OpenServer\domains\MaxiShop-test1\protected\framework\web\CDataProvider.php(168): CActiveDataProvider->fetchData()
#11 D:\OpenServer\domains\MaxiShop-test1\protected\framework\zii\widgets\CBaseListView.php(125): CDataProvider->getData()
#12 D:\OpenServer\domains\MaxiShop-test1\protected\framework\zii\widgets\CListView.php(211): CBaseListView->init()
#13 D:\OpenServer\domains\MaxiShop-test1\protected\framework\web\CBaseController.php(147): CListView->init()
#14 D:\OpenServer\domains\MaxiShop-test1\protected\framework\web\CBaseController.php(180): CBaseController->createWidget('zii.widgets.CLi...', Array)
#15 D:\OpenServer\domains\MaxiShop-test1\protected\views\product\index.php(12): CBaseController->widget('zii.widgets.CLi...', Array)
#16 D:\OpenServer\domains\MaxiShop-test1\protected\framework\web\CBaseController.php(126): require('D:\\OpenServer\\d...')
#17 D:\OpenServer\domains\MaxiShop-test1\protected\framework\web\CBaseController.php(95): CBaseController->renderInternal('D:\\OpenServer\\d...', Array, true)
#18 D:\OpenServer\domains\MaxiShop-test1\protected\framework\web\CController.php(869): CBaseController->renderFile('D:\\OpenServer\\d...', Array, true)
#19 D:\OpenServer\domains\MaxiShop-test1\protected\framework\web\CController.php(782): CController->renderPartial('index', Array, true)
#20 D:\OpenServer\domains\MaxiShop-test1\protected\controllers\ProductController.php(144): CController->render('index', Array)
#21 D:\OpenServer\domains\MaxiShop-test1\protected\framework\web\actions\CInlineAction.php(49): ProductController->actionIndex()
#22 D:\OpenServer\domains\MaxiShop-test1\protected\framework\web\CController.php(308): CInlineAction->runWithParams(Array)
#23 D:\OpenServer\domains\MaxiShop-test1\protected\framework\web\filters\CFilterChain.php(133): CController->runAction(Object(CInlineAction))
#24 D:\OpenServer\domains\MaxiShop-test1\protected\framework\web\filters\CFilter.php(40): CFilterChain->run()
#25 D:\OpenServer\domains\MaxiShop-test1\protected\framework\web\CController.php(1145): CFilter->filter(Object(CFilterChain))
#26 D:\OpenServer\domains\MaxiShop-test1\protected\framework\web\filters\CInlineFilter.php(58): CController->filterAccessControl(Object(CFilterChain))
#27 D:\OpenServer\domains\MaxiShop-test1\protected\framework\web\filters\CFilterChain.php(130): CInlineFilter->filter(Object(CFilterChain))
#28 D:\OpenServer\domains\MaxiShop-test1\protected\framework\web\CController.php(291): CFilterChain->run()
#29 D:\OpenServer\domains\MaxiShop-test1\protected\framework\web\CController.php(265): CController->runActionWithFilters(Object(CInlineAction), Array)
#30 D:\OpenServer\domains\MaxiShop-test1\protected\framework\web\CWebApplication.php(282): CController->run('')
#31 D:\OpenServer\domains\MaxiShop-test1\protected\framework\web\CWebApplication.php(141): CWebApplication->runController('')
#32 D:\OpenServer\domains\MaxiShop-test1\protected\framework\base\CApplication.php(185): CWebApplication->processRequest()
#33 D:\OpenServer\domains\MaxiShop-test1\index.php(7): CApplication->run()
#34 {main}
REQUEST_URI=/
---
2020/11/24 18:15:39 [error] [exception.CDbException] SQLSTATE[HY000] [1045] Access denied for user 'root'@'localhost' (using password: NO)
2020/11/24 18:15:39 [error] [exception.CDbException] CDbException: CDbConnection failed to open the DB connection. in D:\OpenServer\domains\MaxiShop-test1\protected\framework\db\CDbConnection.php:405
Stack trace:
#0 D:\OpenServer\domains\MaxiShop-test1\protected\framework\db\CDbConnection.php(347): CDbConnection->open()
#1 D:\OpenServer\domains\MaxiShop-test1\protected\framework\db\CDbConnection.php(325): CDbConnection->setActive(true)
#2 D:\OpenServer\domains\MaxiShop-test1\protected\framework\base\CModule.php(394): CDbConnection->init()
#3 D:\OpenServer\domains\MaxiShop-test1\protected\framework\base\CApplication.php(459): CModule->getComponent('db')
#4 D:\OpenServer\domains\MaxiShop-test1\protected\framework\db\ar\CActiveRecord.php(637): CApplication->getDb()
#5 D:\OpenServer\domains\MaxiShop-test1\protected\framework\db\ar\CActiveRecord.php(670): CActiveRecord->getDbConnection()
#6 D:\OpenServer\domains\MaxiShop-test1\protected\framework\db\ar\CActiveRecord.php(1601): CActiveRecord->getCommandBuilder()
#7 D:\OpenServer\domains\MaxiShop-test1\protected\framework\web\CActiveDataProvider.php(228): CActiveRecord->count(Object(CDbCriteria))
#8 D:\OpenServer\domains\MaxiShop-test1\protected\framework\web\CDataProvider.php(224): CActiveDataProvider->calculateTotalItemCount()
#9 D:\OpenServer\domains\MaxiShop-test1\protected\framework\web\CActiveDataProvider.php(178): CDataProvider->getTotalItemCount()
#10 D:\OpenServer\domains\MaxiShop-test1\protected\framework\web\CDataProvider.php(168): CActiveDataProvider->fetchData()
#11 D:\OpenServer\domains\MaxiShop-test1\protected\framework\zii\widgets\CBaseListView.php(125): CDataProvider->getData()
#12 D:\OpenServer\domains\MaxiShop-test1\protected\framework\zii\widgets\CListView.php(211): CBaseListView->init()
#13 D:\OpenServer\domains\MaxiShop-test1\protected\framework\web\CBaseController.php(147): CListView->init()
#14 D:\OpenServer\domains\MaxiShop-test1\protected\framework\web\CBaseController.php(180): CBaseController->createWidget('zii.widgets.CLi...', Array)
#15 D:\OpenServer\domains\MaxiShop-test1\protected\views\product\index.php(12): CBaseController->widget('zii.widgets.CLi...', Array)
#16 D:\OpenServer\domains\MaxiShop-test1\protected\framework\web\CBaseController.php(126): require('D:\\OpenServer\\d...')
#17 D:\OpenServer\domains\MaxiShop-test1\protected\framework\web\CBaseController.php(95): CBaseController->renderInternal('D:\\OpenServer\\d...', Array, true)
#18 D:\OpenServer\domains\MaxiShop-test1\protected\framework\web\CController.php(869): CBaseController->renderFile('D:\\OpenServer\\d...', Array, true)
#19 D:\OpenServer\domains\MaxiShop-test1\protected\framework\web\CController.php(782): CController->renderPartial('index', Array, true)
#20 D:\OpenServer\domains\MaxiShop-test1\protected\controllers\ProductController.php(144): CController->render('index', Array)
#21 D:\OpenServer\domains\MaxiShop-test1\protected\framework\web\actions\CInlineAction.php(49): ProductController->actionIndex()
#22 D:\OpenServer\domains\MaxiShop-test1\protected\framework\web\CController.php(308): CInlineAction->runWithParams(Array)
#23 D:\OpenServer\domains\MaxiShop-test1\protected\framework\web\filters\CFilterChain.php(133): CController->runAction(Object(CInlineAction))
#24 D:\OpenServer\domains\MaxiShop-test1\protected\framework\web\filters\CFilter.php(40): CFilterChain->run()
#25 D:\OpenServer\domains\MaxiShop-test1\protected\framework\web\CController.php(1145): CFilter->filter(Object(CFilterChain))
#26 D:\OpenServer\domains\MaxiShop-test1\protected\framework\web\filters\CInlineFilter.php(58): CController->filterAccessControl(Object(CFilterChain))
#27 D:\OpenServer\domains\MaxiShop-test1\protected\framework\web\filters\CFilterChain.php(130): CInlineFilter->filter(Object(CFilterChain))
#28 D:\OpenServer\domains\MaxiShop-test1\protected\framework\web\CController.php(291): CFilterChain->run()
#29 D:\OpenServer\domains\MaxiShop-test1\protected\framework\web\CController.php(265): CController->runActionWithFilters(Object(CInlineAction), Array)
#30 D:\OpenServer\domains\MaxiShop-test1\protected\framework\web\CWebApplication.php(282): CController->run('')
#31 D:\OpenServer\domains\MaxiShop-test1\protected\framework\web\CWebApplication.php(141): CWebApplication->runController('')
#32 D:\OpenServer\domains\MaxiShop-test1\protected\framework\base\CApplication.php(185): CWebApplication->processRequest()
#33 D:\OpenServer\domains\MaxiShop-test1\index.php(7): CApplication->run()
#34 {main}
REQUEST_URI=/
---
